<?xml version="1.0" encoding="UTF-8"?>
<testng-results ignored="0" total="1" passed="1" failed="0" skipped="0">
  <reporter-output>
  </reporter-output>
  <suite started-at="2022-09-11T13:01:33 EDT" name="Default suite" finished-at="2022-09-11T13:03:01 EDT" duration-ms="87497">
    <groups>
    </groups>
    <test started-at="2022-09-11T13:01:33 EDT" name="Default test" finished-at="2022-09-11T13:03:01 EDT" duration-ms="87497">
      <class name="tests.AccountCreate">
        <test-method is-config="true" signature="start()[pri:0, instance:tests.AccountCreate@121314f7]" started-at="2022-09-11T13:01:19 EDT" name="start" finished-at="2022-09-11T13:01:33 EDT" duration-ms="13965" status="PASS">
          <reporter-output>
          </reporter-output>
        </test-method> <!-- start -->
        <test-method is-config="true" signature="startUrl()[pri:0, instance:tests.AccountCreate@121314f7]" started-at="2022-09-11T13:01:33 EDT" name="startUrl" finished-at="2022-09-11T13:01:48 EDT" duration-ms="14745" status="PASS">
          <reporter-output>
          </reporter-output>
        </test-method> <!-- startUrl -->
        <test-method signature="createAnAccount()[pri:0, instance:tests.AccountCreate@121314f7]" started-at="2022-09-11T13:01:48 EDT" name="createAnAccount" finished-at="2022-09-11T13:03:01 EDT" duration-ms="72445" status="PASS">
          <reporter-output>
          </reporter-output>
        </test-method> <!-- createAnAccount -->
        <test-method is-config="true" signature="close()[pri:0, instance:tests.AccountCreate@121314f7]" started-at="2022-09-11T13:03:01 EDT" name="close" finished-at="2022-09-11T13:03:02 EDT" duration-ms="1695" status="PASS">
          <reporter-output>
          </reporter-output>
        </test-method> <!-- close -->
      </class> <!-- tests.AccountCreate -->
    </test> <!-- Default test -->
  </suite> <!-- Default suite -->
</testng-results>
